<?xml version="1.0" encoding="UTF-8"?>
<!-- Generated by org.testng.reporters.JUnitReportReporter -->
<testsuite hostname="DESKTOP-H7A12SH" failures="0" tests="1" name="com.zuzu_hospitality.testcases.LoginPageTest" time="7.501" errors="0" timestamp="2023-10-22T15:02:56 GST" skipped="0">
  <testcase classname="com.zuzu_hospitality.testcases.LoginPageTest" name="lunch" time="7.501"/>
</testsuite> <!-- com.zuzu_hospitality.testcases.LoginPageTest -->
