<?xml version="1.0" encoding="UTF-8"?>
<!-- Generated by org.testng.reporters.JUnitReportReporter -->
<testsuite hostname="DESKTOP-H7A12SH" failures="0" tests="1" name="com.zuzu_hospitality.testcases.Login" time="29.614" errors="0" timestamp="2023-10-27T13:29:08 GST" skipped="0">
  <testcase classname="com.zuzu_hospitality.testcases.Login" name="testLogin" time="29.614"/>
</testsuite> <!-- com.zuzu_hospitality.testcases.Login -->
