<?xml version="1.0" encoding="UTF-8"?>
<!-- Generated by org.testng.reporters.JUnitReportReporter -->
<testsuite hostname="DESKTOP-H7A12SH" failures="0" tests="1" name="com.zuzu_hospitality.testcases.Logintoweb" time="41.821" errors="0" timestamp="2023-10-22T13:10:06 GST" skipped="0">
  <testcase classname="com.zuzu_hospitality.testcases.Logintoweb" name="login" time="41.821"/>
</testsuite> <!-- com.zuzu_hospitality.testcases.Logintoweb -->
